Book of Wild Review & Demo Play
best licensed Age of the Gods Norse: Norse Legends for beginners
high volatility Age of the Gods Norse: Norse Legends for casual players
best withdrawable bonus Age of the Gods Norse: Norse Legends for experienced players
best Age of the Gods Norse: Norse Legends with low volatility for high rollers
best fast payouts Age of the Gods Norse: Norse Legends for high rollers
low house edge Age of the Gods Norse: Norse Legends for bonus hunters
best Age of the Gods Norse: Norse Legends with big jackpots for mobile players
11 Coins of Fire Review & Demo Play
20 Bulky Fruits with verified for beginners
top verified 20 Bulky Fruits for experienced players
best low volatility 20 Bulky Fruits for experienced players
fast payouts 20 Bulky Fruits for experienced players
top bonus multiplier 20 Bulky Fruits for experienced players
20 Bulky Fruits with instant payouts for experienced players
best progressive jackpot Devil Wilds for low budget players
5 Dazzling Hot with low volatility for new players
high volatility Diamond 777 Multiplier Retro Roller for crypto players
best high payout Down the Rails for crypto players
high volatility Valhalla for crypto players
Blinged with no wagering for crypto players
best China Mystery with Quick Strike with licensed for professional players
Jersey Devil Slot with legit for experienced players
top small bets She's a Rich Girl for bonus hunters
maximum win potential Basketball Star on Fire for mobile players
small bets 20 Bulky Fruits for experienced players
20 Bulky Fruits with low volatility for high rollers
Low risk 20 Bulky Fruits for bonus hunters
20 Bulky Fruits with progressive jackpot for crypto players
best big jackpots Flaming Hot 6 Reels for beginners
best Flaming Hot 6 Reels with fast payouts for casual players
Flaming Hot 6 Reels with low house edge for professional players
